<?xml version="1.0" encoding="UTF-8"?>
<!-- Generated by org.testng.reporters.JUnitReportReporter -->
<testsuite hostname="LAPTOP-O1IA0A5B" failures="0" tests="1" name="com.qa.tn.testCases.AddToCartTest" time="9.431" errors="0" timestamp="2023-12-25T10:25:31 EST" skipped="0">
  <testcase classname="com.qa.tn.testCases.AddToCartTest" name="verifyAddValidProductToCart" time="9.431"/>
</testsuite> <!-- com.qa.tn.testCases.AddToCartTest -->
