<?xml version="1.0" encoding="UTF-8"?>
<!-- Generated by org.testng.reporters.JUnitReportReporter -->
<testsuite hostname="LAPTOP-O1IA0A5B" failures="0" tests="3" name="com.qa.tn.testCases.SearchProductTest" time="15.797" errors="0" timestamp="2023-12-28T14:50:52 EST" skipped="0">
  <testcase classname="com.qa.tn.testCases.SearchProductTest" name="verifyValidProductSearch" time="6.202"/>
  <testcase classname="com.qa.tn.testCases.SearchProductTest" name="verifyInvalidProductSearch" time="4.479"/>
  <testcase classname="com.qa.tn.testCases.SearchProductTest" name="verifyNoProductSearch" time="5.116"/>
</testsuite> <!-- com.qa.tn.testCases.SearchProductTest -->
