<?xml version="1.0" encoding="UTF-8"?>
<!-- Generated by org.testng.reporters.JUnitReportReporter -->
<testsuite hostname="LAPTOP-O1IA0A5B" failures="0" tests="10" name="com.qa.tn.testCases.LoginTest" time="78.400" errors="0" timestamp="2023-12-25T10:22:48 EST" skipped="0">
  <testcase classname="com.qa.tn.testCases.LoginTest" name="verifyLoginWithValidCredentials" time="7.463"/>
  <testcase classname="com.qa.tn.testCases.LoginTest" name="verifyLoginWithValidCredentials" time="10.095"/>
  <testcase classname="com.qa.tn.testCases.LoginTest" name="verifyLoginWithValidCredentials" time="7.722"/>
  <testcase classname="com.qa.tn.testCases.LoginTest" name="verifyLoginWithValidCredentials" time="11.648"/>
  <testcase classname="com.qa.tn.testCases.LoginTest" name="verifyLoginWithValidCredentials" time="8.268"/>
  <testcase classname="com.qa.tn.testCases.LoginTest" name="verifyLoginWithValidCredentials" time="6.318"/>
  <testcase classname="com.qa.tn.testCases.LoginTest" name="verifyLoginWithInvalidCredentials" time="7.730"/>
  <testcase classname="com.qa.tn.testCases.LoginTest" name="verifyLoginWithInvalidEmailValidPassword" time="6.271"/>
  <testcase classname="com.qa.tn.testCases.LoginTest" name="verifyLoginWithValidEmailInvalidPassword" time="6.560"/>
  <testcase classname="com.qa.tn.testCases.LoginTest" name="verifyLoginWithNoCredentials" time="6.325"/>
</testsuite> <!-- com.qa.tn.testCases.LoginTest -->
