<?xml version="1.0" encoding="UTF-8"?>
<!-- Generated by org.testng.reporters.JUnitReportReporter -->
<testsuite hostname="LAPTOP-O1IA0A5B" failures="0" tests="3" name="com.qa.tn.testCases.SearchProductTest" time="20.337" errors="0" timestamp="2023-12-25T10:22:48 EST" skipped="0">
  <testcase classname="com.qa.tn.testCases.SearchProductTest" name="verifyValidProductSearch" time="8.622"/>
  <testcase classname="com.qa.tn.testCases.SearchProductTest" name="verifyInvalidProductSearch" time="5.749"/>
  <testcase classname="com.qa.tn.testCases.SearchProductTest" name="verifyNoProductSearch" time="5.966"/>
</testsuite> <!-- com.qa.tn.testCases.SearchProductTest -->
